Start testing: Oct 11 13:45 EEST
----------------------------------------------------------
1/1 Testing: unit_tests
1/1 Test: unit_tests
Command: "/Users/mac/Desktop/csad2526KI407KorostenskaSofiia11/build/unit_tests"
Directory: /Users/mac/Desktop/csad2526KI407KorostenskaSofiia11/build
"unit_tests" start time: Oct 11 13:45 EEST
Output:
----------------------------------------------------------
[==========] Running 4 tests from 1 test suite.
[----------] Global test environment set-up.
[----------] 4 tests from AddFunctionTest
[ RUN      ] AddFunctionTest.PositiveNumbers
[       OK ] AddFunctionTest.PositiveNumbers (0 ms)
[ RUN      ] AddFunctionTest.NegativeNumbers
[       OK ] AddFunctionTest.NegativeNumbers (0 ms)
[ RUN      ] AddFunctionTest.MixedNumbers
[       OK ] AddFunctionTest.MixedNumbers (0 ms)
[ RUN      ] AddFunctionTest.Zero
[       OK ] AddFunctionTest.Zero (0 ms)
[----------] 4 tests from AddFunctionTest (0 ms total)

[----------] Global test environment tear-down
[==========] 4 tests from 1 test suite ran. (0 ms total)
[  PASSED  ] 4 tests.
<end of output>
Test time =   0.37 sec
----------------------------------------------------------
Test Passed.
"unit_tests" end time: Oct 11 13:45 EEST
"unit_tests" time elapsed: 00:00:00
----------------------------------------------------------

End testing: Oct 11 13:45 EEST
